This file contains any messages produced by compilers while
running configure, to aid debugging if configure makes a mistake.

It was created by libimobiledevice configure 1.2.0, which was
generated by GNU Autoconf 2.69.  Invocation command line was

  $ ./configure 

## --------- ##
## Platform. ##
## --------- ##

hostname = Mac-Oriver.local
uname -m = x86_64
uname -r = 16.1.0
uname -s = Darwin
uname -v = Darwin Kernel Version 16.1.0: Wed Oct 19 20:31:56 PDT 2016; root:xnu-3789.21.4~4/RELEASE_X86_64

/usr/bin/uname -p = i386
/bin/uname -X     = unknown

/bin/arch              = unknown
/usr/bin/arch -k       = unknown
/usr/convex/getsysinfo = unknown
/usr/bin/hostinfo      = Mach kernel version:
	 Darwin Kernel Version 16.1.0: Wed Oct 19 20:31:56 PDT 2016; root:xnu-3789.21.4~4/RELEASE_X86_64
Kernel configured for up to 8 processors.
4 processors are physically available.
8 processors are logically available.
Processor type: x86_64h (Intel x86-64h Haswell)
Processors active: 0 1 2 3 4 5 6 7
Primary memory available: 8.00 gigabytes
Default processor set: 335 tasks, 2287 threads, 8 processors
Load average: 1.56, Mach factor: 6.43
/bin/machine           = unknown
/usr/bin/oslevel       = unknown
/bin/universe          = unknown

PATH: /usr/local/bin
PATH: /usr/bin
PATH: /bin
PATH: /usr/sbin
PATH: /sbin
PATH: /Applications/Server.app/Contents/ServerRoot/usr/bin
PATH: /Applications/Server.app/Contents/ServerRoot/usr/sbin


## ----------- ##
## Core tests. ##
## ----------- ##

configure:2605: checking for a BSD-compatible install
configure:2673: result: /usr/bin/install -c
configure:2684: checking whether build environment is sane
configure:2739: result: yes
configure:2890: checking for a thread-safe mkdir -p
configure:2929: result: ./install-sh -c -d
configure:2936: checking for gawk
configure:2966: result: no
configure:2936: checking for mawk
configure:2966: result: no
configure:2936: checking for nawk
configure:2966: result: no
configure:2936: checking for awk
configure:2952: found /usr/bin/awk
configure:2963: result: awk
configure:2974: checking whether make sets $(MAKE)
configure:2996: result: yes
configure:3025: checking whether make supports nested variables
configure:3042: result: yes
configure:3137: checking whether make supports nested variables
configure:3154: result: yes
configure:3235: checking for gcc
configure:3251: found /usr/bin/gcc
configure:3262: result: gcc
configure:3491: checking for C compiler version
configure:3500: gcc --version >&5
Apple LLVM version 8.0.0 (clang-800.0.42.1)
Target: x86_64-apple-darwin16.1.0
Thread model: posix
InstalledDir: /Applications/Xcode.app/Contents/Developer/Toolchains/XcodeDefault.xctoolchain/usr/bin
Configured with: --prefix=/Applications/Xcode.app/Contents/Developer/usr --with-gxx-include-dir=/Applications/Xcode.app/Contents/Developer/Platforms/MacOSX.platform/Developer/SDKs/MacOSX10.12.sdk/usr/include/c++/4.2.1
configure:3511: $? = 0
configure:3500: gcc -v >&5
Configured with: --prefix=/Applications/Xcode.app/Contents/Developer/usr --with-gxx-include-dir=/Applications/Xcode.app/Contents/Developer/Platforms/MacOSX.platform/Developer/SDKs/MacOSX10.12.sdk/usr/include/c++/4.2.1
Apple LLVM version 8.0.0 (clang-800.0.42.1)
Target: x86_64-apple-darwin16.1.0
Thread model: posix
InstalledDir: /Applications/Xcode.app/Contents/Developer/Toolchains/XcodeDefault.xctoolchain/usr/bin
configure:3511: $? = 0
configure:3500: gcc -V >&5
clang: error: argument to '-V' is missing (expected 1 value)
clang: error: no input files
configure:3511: $? = 1
configure:3500: gcc -qversion >&5
clang: error: unknown argument: '-qversion'
clang: error: no input files
configure:3511: $? = 1
configure:3531: checking whether the C compiler works
configure:3553: gcc    conftest.c  >&5
configure:3557: $? = 0
configure:3605: result: yes
configure:3608: checking for C compiler default output file name
configure:3610: result: a.out
configure:3616: checking for suffix of executables
configure:3623: gcc -o conftest    conftest.c  >&5
configure:3627: $? = 0
configure:3649: result: 
configure:3671: checking whether we are cross compiling
configure:3679: gcc -o conftest    conftest.c  >&5
configure:3683: $? = 0
configure:3690: ./conftest
configure:3694: $? = 0
configure:3709: result: no
configure:3714: checking for suffix of object files
configure:3736: gcc -c   conftest.c >&5
configure:3740: $? = 0
configure:3761: result: o
configure:3765: checking whether we are using the GNU C compiler
configure:3784: gcc -c   conftest.c >&5
configure:3784: $? = 0
configure:3793: result: yes
configure:3802: checking whether gcc accepts -g
configure:3822: gcc -c -g  conftest.c >&5
configure:3822: $? = 0
configure:3863: result: yes
configure:3880: checking for gcc option to accept ISO C89
configure:3943: gcc  -c -g -O2  conftest.c >&5
configure:3943: $? = 0
configure:3956: result: none needed
configure:3987: checking for style of include used by make
configure:4015: result: GNU
configure:4041: checking dependency style of gcc
configure:4152: result: gcc3
configure:4225: checking for g++
configure:4241: found /usr/bin/g++
configure:4252: result: g++
configure:4279: checking for C++ compiler version
configure:4288: g++ --version >&5
Apple LLVM version 8.0.0 (clang-800.0.42.1)
Target: x86_64-apple-darwin16.1.0
Thread model: posix
InstalledDir: /Applications/Xcode.app/Contents/Developer/Toolchains/XcodeDefault.xctoolchain/usr/bin
Configured with: --prefix=/Applications/Xcode.app/Contents/Developer/usr --with-gxx-include-dir=/Applications/Xcode.app/Contents/Developer/Platforms/MacOSX.platform/Developer/SDKs/MacOSX10.12.sdk/usr/include/c++/4.2.1
configure:4299: $? = 0
configure:4288: g++ -v >&5
Configured with: --prefix=/Applications/Xcode.app/Contents/Developer/usr --with-gxx-include-dir=/Applications/Xcode.app/Contents/Developer/Platforms/MacOSX.platform/Developer/SDKs/MacOSX10.12.sdk/usr/include/c++/4.2.1
Apple LLVM version 8.0.0 (clang-800.0.42.1)
Target: x86_64-apple-darwin16.1.0
Thread model: posix
InstalledDir: /Applications/Xcode.app/Contents/Developer/Toolchains/XcodeDefault.xctoolchain/usr/bin
configure:4299: $? = 0
configure:4288: g++ -V >&5
clang: error: argument to '-V' is missing (expected 1 value)
clang: error: no input files
configure:4299: $? = 1
configure:4288: g++ -qversion >&5
clang: error: unknown argument: '-qversion'
clang: error: no input files
configure:4299: $? = 1
configure:4303: checking whether we are using the GNU C++ compiler
configure:4322: g++ -c   conftest.cpp >&5
configure:4322: $? = 0
configure:4331: result: yes
configure:4340: checking whether g++ accepts -g
configure:4360: g++ -c -g  conftest.cpp >&5
configure:4360: $? = 0
configure:4401: result: yes
configure:4426: checking dependency style of g++
configure:4537: result: gcc3
configure:4553: checking whether gcc and cc understand -c and -o together
configure:4584: gcc -c conftest.c -o conftest2.o >&5
configure:4588: $? = 0
configure:4594: gcc -c conftest.c -o conftest2.o >&5
configure:4598: $? = 0
configure:4609: cc -c conftest.c >&5
configure:4613: $? = 0
configure:4621: cc -c conftest.c -o conftest2.o >&5
configure:4625: $? = 0
configure:4631: cc -c conftest.c -o conftest2.o >&5
configure:4635: $? = 0
configure:4653: result: yes
configure:4707: checking build system type
configure:4721: result: x86_64-apple-darwin16.1.0
configure:4741: checking host system type
configure:4754: result: x86_64-apple-darwin16.1.0
configure:4795: checking how to print strings
configure:4822: result: printf
configure:4843: checking for a sed that does not truncate output
configure:4907: result: /usr/bin/sed
configure:4925: checking for grep that handles long lines and -e
configure:4983: result: /usr/bin/grep
configure:4988: checking for egrep
configure:5050: result: /usr/bin/grep -E
configure:5055: checking for fgrep
configure:5117: result: /usr/bin/grep -F
configure:5152: checking for ld used by gcc
configure:5219: result: /Applications/Xcode.app/Contents/Developer/Toolchains/XcodeDefault.xctoolchain/usr/bin/ld
configure:5226: checking if the linker (/Applications/Xcode.app/Contents/Developer/Toolchains/XcodeDefault.xctoolchain/usr/bin/ld) is GNU ld
configure:5241: result: no
configure:5253: checking for BSD- or MS-compatible name lister (nm)
configure:5302: result: /usr/bin/nm -B
configure:5432: checking the name lister (/usr/bin/nm -B) interface
configure:5439: gcc -c -g -O2  conftest.c >&5
configure:5442: /usr/bin/nm -B "conftest.o"
configure:5445: output
0000000000000210 S _some_variable
configure:5452: result: BSD nm
configure:5455: checking whether ln -s works
configure:5459: result: yes
configure:5467: checking the maximum length of command line arguments
configure:5597: result: 196608
configure:5614: checking whether the shell understands some XSI constructs
configure:5624: result: yes
configure:5628: checking whether the shell understands "+="
configure:5634: result: yes
configure:5669: checking how to convert x86_64-apple-darwin16.1.0 file names to x86_64-apple-darwin16.1.0 format
configure:5709: result: func_convert_file_noop
configure:5716: checking how to convert x86_64-apple-darwin16.1.0 file names to toolchain format
configure:5736: result: func_convert_file_noop
configure:5743: checking for /Applications/Xcode.app/Contents/Developer/Toolchains/XcodeDefault.xctoolchain/usr/bin/ld option to reload object files
configure:5750: result: -r
configure:5824: checking for objdump
configure:5840: found /usr/bin/objdump
configure:5851: result: objdump
configure:5883: checking how to recognize dependent libraries
configure:6085: result: pass_all
configure:6170: checking for dlltool
configure:6200: result: no
configure:6230: checking how to associate runtime and link libraries
configure:6257: result: printf %s\n
configure:6318: checking for ar
configure:6334: found /usr/bin/ar
configure:6345: result: ar
configure:6382: checking for archiver @FILE support
configure:6399: gcc -c -g -O2  conftest.c >&5
configure:6399: $? = 0
configure:6402: ar cru libconftest.a @conftest.lst >&5
ar: @conftest.lst: No such file or directory
configure:6405: $? = 1
configure:6425: result: no
configure:6483: checking for strip
configure:6499: found /usr/bin/strip
configure:6510: result: strip
configure:6582: checking for ranlib
configure:6598: found /usr/bin/ranlib
configure:6609: result: ranlib
configure:6711: checking command to parse /usr/bin/nm -B output from gcc object
configure:6831: gcc -c -g -O2  conftest.c >&5
configure:6834: $? = 0
configure:6838: /usr/bin/nm -B conftest.o \| sed -n -e 's/^.*[ ]\([BCDEGRST][BCDEGRST]*\)[ ][ ]*\([_A-Za-z][_A-Za-z0-9]*\)$/\1 \2 \2/p' | sed '/ __gnu_lto/d' \> conftest.nm
configure:6841: $? = 0
cannot find nm_test_var in conftest.nm
configure:6831: gcc -c -g -O2  conftest.c >&5
configure:6834: $? = 0
configure:6838: /usr/bin/nm -B conftest.o \| sed -n -e 's/^.*[ ]\([BCDEGRST][BCDEGRST]*\)[ ][ ]*_\([_A-Za-z][_A-Za-z0-9]*\)$/\1 _\2 \2/p' | sed '/ __gnu_lto/d' \> conftest.nm
configure:6841: $? = 0
configure:6907: gcc -o conftest -g -O2   conftest.c conftstm.o >&5
warning: (x86_64)  could not find object file symbol for symbol _main
configure:6910: $? = 0
configure:6948: result: ok
configure:6985: checking for sysroot
configure:7015: result: no
configure:7277: checking for mt
configure:7307: result: no
configure:7327: checking if : is a manifest tool
configure:7333: : '-?'
configure:7341: result: no
configure:7397: checking for dsymutil
configure:7413: found /usr/bin/dsymutil
configure:7424: result: dsymutil
configure:7489: checking for nmedit
configure:7505: found /usr/bin/nmedit
configure:7516: result: nmedit
configure:7581: checking for lipo
configure:7597: found /usr/bin/lipo
configure:7608: result: lipo
configure:7673: checking for otool
configure:7689: found /usr/bin/otool
configure:7700: result: otool
configure:7765: checking for otool64
configure:7795: result: no
configure:7840: checking for -single_module linker flag
gcc -g -O2  -o libconftest.dylib -dynamiclib -Wl,-single_module conftest.c
configure:7873: result: yes
configure:7876: checking for -exported_symbols_list linker flag
configure:7896: gcc -o conftest -g -O2   -Wl,-exported_symbols_list,conftest.sym conftest.c  >&5
configure:7896: $? = 0
configure:7906: result: yes
configure:7909: checking for -force_load linker flag
gcc -g -O2 -c -o conftest.o conftest.c
ar cru libconftest.a conftest.o
ranlib libconftest.a
gcc -g -O2  -o conftest conftest.c -Wl,-force_load,./libconftest.a
configure:7941: result: yes
configure:7983: checking how to run the C preprocessor
configure:8014: gcc -E  conftest.c
configure:8014: $? = 0
configure:8028: gcc -E  conftest.c
conftest.c:11:10: fatal error: 'ac_nonexistent.h' file not found
#include <ac_nonexistent.h>
         ^
1 error generated.
configure:8028: $? = 1
configure: failed program was:
| /* confdefs.h */
| #define PACKAGE_NAME "libimobiledevice"
| #define PACKAGE_TARNAME "libimobiledevice"
| #define PACKAGE_VERSION "1.2.0"
| #define PACKAGE_STRING "libimobiledevice 1.2.0"
| #define PACKAGE_BUGREPORT "https://github.com/libimobiledevice/libimobiledevice/issues"
| #define PACKAGE_URL "http://libimobiledevice.org"
| #define PACKAGE "libimobiledevice"
| #define VERSION "1.2.0"
| /* end confdefs.h.  */
| #include <ac_nonexistent.h>
configure:8053: result: gcc -E
configure:8073: gcc -E  conftest.c
configure:8073: $? = 0
configure:8087: gcc -E  conftest.c
conftest.c:11:10: fatal error: 'ac_nonexistent.h' file not found
#include <ac_nonexistent.h>
         ^
1 error generated.
configure:8087: $? = 1
configure: failed program was:
| /* confdefs.h */
| #define PACKAGE_NAME "libimobiledevice"
| #define PACKAGE_TARNAME "libimobiledevice"
| #define PACKAGE_VERSION "1.2.0"
| #define PACKAGE_STRING "libimobiledevice 1.2.0"
| #define PACKAGE_BUGREPORT "https://github.com/libimobiledevice/libimobiledevice/issues"
| #define PACKAGE_URL "http://libimobiledevice.org"
| #define PACKAGE "libimobiledevice"
| #define VERSION "1.2.0"
| /* end confdefs.h.  */
| #include <ac_nonexistent.h>
configure:8116: checking for ANSI C header files
configure:8136: gcc -c -g -O2  conftest.c >&5
configure:8136: $? = 0
configure:8209: gcc -o conftest -g -O2   conftest.c  >&5
configure:8209: $? = 0
configure:8209: ./conftest
configure:8209: $? = 0
configure:8220: result: yes
configure:8233: checking for sys/types.h
configure:8233: gcc -c -g -O2  conftest.c >&5
configure:8233: $? = 0
configure:8233: result: yes
configure:8233: checking for sys/stat.h
configure:8233: gcc -c -g -O2  conftest.c >&5
configure:8233: $? = 0
configure:8233: result: yes
configure:8233: checking for stdlib.h
configure:8233: gcc -c -g -O2  conftest.c >&5
configure:8233: $? = 0
configure:8233: result: yes
configure:8233: checking for string.h
configure:8233: gcc -c -g -O2  conftest.c >&5
configure:8233: $? = 0
configure:8233: result: yes
configure:8233: checking for memory.h
configure:8233: gcc -c -g -O2  conftest.c >&5
configure:8233: $? = 0
configure:8233: result: yes
configure:8233: checking for strings.h
configure:8233: gcc -c -g -O2  conftest.c >&5
configure:8233: $? = 0
configure:8233: result: yes
configure:8233: checking for inttypes.h
configure:8233: gcc -c -g -O2  conftest.c >&5
configure:8233: $? = 0
configure:8233: result: yes
configure:8233: checking for stdint.h
configure:8233: gcc -c -g -O2  conftest.c >&5
configure:8233: $? = 0
configure:8233: result: yes
configure:8233: checking for unistd.h
configure:8233: gcc -c -g -O2  conftest.c >&5
configure:8233: $? = 0
configure:8233: result: yes
configure:8247: checking for dlfcn.h
configure:8247: gcc -c -g -O2  conftest.c >&5
configure:8247: $? = 0
configure:8247: result: yes
configure:8464: checking for objdir
configure:8479: result: .libs
configure:8750: checking if gcc supports -fno-rtti -fno-exceptions
configure:8768: gcc -c -g -O2  -fno-rtti -fno-exceptions conftest.c >&5
configure:8772: $? = 0
configure:8785: result: yes
configure:9112: checking for gcc option to produce PIC
configure:9119: result: -fno-common -DPIC
configure:9127: checking if gcc PIC flag -fno-common -DPIC works
configure:9145: gcc -c -g -O2  -fno-common -DPIC -DPIC conftest.c >&5
configure:9149: $? = 0
configure:9162: result: yes
configure:9191: checking if gcc static flag -static works
configure:9219: result: no
configure:9234: checking if gcc supports -c -o file.o
configure:9255: gcc -c -g -O2  -o out/conftest2.o conftest.c >&5
configure:9259: $? = 0
configure:9281: result: yes
configure:9289: checking if gcc supports -c -o file.o
configure:9336: result: yes
configure:9369: checking whether the gcc linker (/Applications/Xcode.app/Contents/Developer/Toolchains/XcodeDefault.xctoolchain/usr/bin/ld) supports shared libraries
configure:10522: result: yes
configure:10762: checking dynamic linker characteristics
configure:11495: result: darwin16.1.0 dyld
configure:11602: checking how to hardcode library paths into programs
configure:11627: result: immediate
configure:12167: checking whether stripping libraries is possible
configure:12181: result: yes
configure:12207: checking if libtool supports shared libraries
configure:12209: result: yes
configure:12212: checking whether to build shared libraries
configure:12233: result: yes
configure:12236: checking whether to build static libraries
configure:12240: result: yes
configure:12263: checking how to run the C++ preprocessor
configure:12290: g++ -E  conftest.cpp
configure:12290: $? = 0
configure:12304: g++ -E  conftest.cpp
conftest.cpp:23:10: fatal error: 'ac_nonexistent.h' file not found
#include <ac_nonexistent.h>
         ^
1 error generated.
configure:12304: $? = 1
configure: failed program was:
| /* confdefs.h */
| #define PACKAGE_NAME "libimobiledevice"
| #define PACKAGE_TARNAME "libimobiledevice"
| #define PACKAGE_VERSION "1.2.0"
| #define PACKAGE_STRING "libimobiledevice 1.2.0"
| #define PACKAGE_BUGREPORT "https://github.com/libimobiledevice/libimobiledevice/issues"
| #define PACKAGE_URL "http://libimobiledevice.org"
| #define PACKAGE "libimobiledevice"
| #define VERSION "1.2.0"
| #define STDC_HEADERS 1
| #define HAVE_SYS_TYPES_H 1
| #define HAVE_SYS_STAT_H 1
| #define HAVE_STDLIB_H 1
| #define HAVE_STRING_H 1
| #define HAVE_MEMORY_H 1
| #define HAVE_STRINGS_H 1
| #define HAVE_INTTYPES_H 1
| #define HAVE_STDINT_H 1
| #define HAVE_UNISTD_H 1
| #define HAVE_DLFCN_H 1
| #define LT_OBJDIR ".libs/"
| /* end confdefs.h.  */
| #include <ac_nonexistent.h>
configure:12329: result: g++ -E
configure:12349: g++ -E  conftest.cpp
configure:12349: $? = 0
configure:12363: g++ -E  conftest.cpp
conftest.cpp:23:10: fatal error: 'ac_nonexistent.h' file not found
#include <ac_nonexistent.h>
         ^
1 error generated.
configure:12363: $? = 1
configure: failed program was:
| /* confdefs.h */
| #define PACKAGE_NAME "libimobiledevice"
| #define PACKAGE_TARNAME "libimobiledevice"
| #define PACKAGE_VERSION "1.2.0"
| #define PACKAGE_STRING "libimobiledevice 1.2.0"
| #define PACKAGE_BUGREPORT "https://github.com/libimobiledevice/libimobiledevice/issues"
| #define PACKAGE_URL "http://libimobiledevice.org"
| #define PACKAGE "libimobiledevice"
| #define VERSION "1.2.0"
| #define STDC_HEADERS 1
| #define HAVE_SYS_TYPES_H 1
| #define HAVE_SYS_STAT_H 1
| #define HAVE_STDLIB_H 1
| #define HAVE_STRING_H 1
| #define HAVE_MEMORY_H 1
| #define HAVE_STRINGS_H 1
| #define HAVE_INTTYPES_H 1
| #define HAVE_STDINT_H 1
| #define HAVE_UNISTD_H 1
| #define HAVE_DLFCN_H 1
| #define LT_OBJDIR ".libs/"
| /* end confdefs.h.  */
| #include <ac_nonexistent.h>
configure:12532: checking for ld used by g++
configure:12599: result: /Applications/Xcode.app/Contents/Developer/Toolchains/XcodeDefault.xctoolchain/usr/bin/ld
configure:12606: checking if the linker (/Applications/Xcode.app/Contents/Developer/Toolchains/XcodeDefault.xctoolchain/usr/bin/ld) is GNU ld
configure:12621: result: no
configure:12676: checking whether the g++ linker (/Applications/Xcode.app/Contents/Developer/Toolchains/XcodeDefault.xctoolchain/usr/bin/ld) supports shared libraries
configure:13681: result: yes
configure:13717: g++ -c -g -O2  conftest.cpp >&5
configure:13720: $? = 0
configure:14240: checking for g++ option to produce PIC
configure:14247: result: -fno-common -DPIC
configure:14255: checking if g++ PIC flag -fno-common -DPIC works
configure:14273: g++ -c -g -O2  -fno-common -DPIC -DPIC conftest.cpp >&5
configure:14277: $? = 0
configure:14290: result: yes
configure:14313: checking if g++ static flag -static works
configure:14341: result: no
configure:14353: checking if g++ supports -c -o file.o
configure:14374: g++ -c -g -O2  -o out/conftest2.o conftest.cpp >&5
configure:14378: $? = 0
configure:14400: result: yes
configure:14405: checking if g++ supports -c -o file.o
configure:14452: result: yes
configure:14482: checking whether the g++ linker (/Applications/Xcode.app/Contents/Developer/Toolchains/XcodeDefault.xctoolchain/usr/bin/ld) supports shared libraries
configure:14518: result: yes
configure:14659: checking dynamic linker characteristics
configure:15326: result: darwin16.1.0 dyld
configure:15379: checking how to hardcode library paths into programs
configure:15404: result: immediate
configure:15521: checking for pkg-config
configure:15539: found /usr/local/bin/pkg-config
configure:15551: result: /usr/local/bin/pkg-config
configure:15576: checking pkg-config is at least version 0.9.0
configure:15579: result: yes
configure:15589: checking for libusbmuxd
configure:15596: $PKG_CONFIG --exists --print-errors "libusbmuxd >= $LIBUSBMUXD_VERSION"
configure:15599: $? = 0
configure:15613: $PKG_CONFIG --exists --print-errors "libusbmuxd >= $LIBUSBMUXD_VERSION"
configure:15616: $? = 0
configure:15674: result: yes
configure:15680: checking for libplist
configure:15687: $PKG_CONFIG --exists --print-errors "libplist >= $LIBPLIST_VERSION"
configure:15690: $? = 0
configure:15704: $PKG_CONFIG --exists --print-errors "libplist >= $LIBPLIST_VERSION"
configure:15707: $? = 0
configure:15765: result: yes
configure:15771: checking for libplistmm
configure:15778: $PKG_CONFIG --exists --print-errors "libplist++ >= $LIBPLISTMM_VERSION"
configure:15781: $? = 0
configure:15795: $PKG_CONFIG --exists --print-errors "libplist++ >= $LIBPLISTMM_VERSION"
configure:15798: $? = 0
configure:15856: result: yes
configure:15860: checking for pthread_create, pthread_mutex_lock in -lpthread
configure:15885: gcc -o conftest -g -O2   conftest.c -lpthread   >&5
conftest.c:34:8: warning: expression result unused [-Wunused-value]
return pthread_create, pthread_mutex_lock ();
       ^~~~~~~~~~~~~~
1 warning generated.
configure:15885: $? = 0
configure:15894: result: yes
configure:15905: checking for ANSI C header files
configure:16009: result: yes
configure:16020: checking for stdint.h
configure:16020: result: yes
configure:16020: checking for stdlib.h
configure:16020: result: yes
configure:16020: checking for string.h
configure:16020: result: yes
configure:16020: checking gcrypt.h usability
configure:16020: gcc -c -g -O2  conftest.c >&5
conftest.c:60:10: fatal error: 'gcrypt.h' file not found
#include <gcrypt.h>
         ^
1 error generated.
configure:16020: $? = 1
configure: failed program was:
| /* confdefs.h */
| #define PACKAGE_NAME "libimobiledevice"
| #define PACKAGE_TARNAME "libimobiledevice"
| #define PACKAGE_VERSION "1.2.0"
| #define PACKAGE_STRING "libimobiledevice 1.2.0"
| #define PACKAGE_BUGREPORT "https://github.com/libimobiledevice/libimobiledevice/issues"
| #define PACKAGE_URL "http://libimobiledevice.org"
| #define PACKAGE "libimobiledevice"
| #define VERSION "1.2.0"
| #define STDC_HEADERS 1
| #define HAVE_SYS_TYPES_H 1
| #define HAVE_SYS_STAT_H 1
| #define HAVE_STDLIB_H 1
| #define HAVE_STRING_H 1
| #define HAVE_MEMORY_H 1
| #define HAVE_STRINGS_H 1
| #define HAVE_INTTYPES_H 1
| #define HAVE_STDINT_H 1
| #define HAVE_UNISTD_H 1
| #define HAVE_DLFCN_H 1
| #define LT_OBJDIR ".libs/"
| #define STDC_HEADERS 1
| #define HAVE_STDINT_H 1
| #define HAVE_STDLIB_H 1
| #define HAVE_STRING_H 1
| /* end confdefs.h.  */
| #include <stdio.h>
| #ifdef HAVE_SYS_TYPES_H
| # include <sys/types.h>
| #endif
| #ifdef HAVE_SYS_STAT_H
| # include <sys/stat.h>
| #endif
| #ifdef STDC_HEADERS
| # include <stdlib.h>
| # include <stddef.h>
| #else
| # ifdef HAVE_STDLIB_H
| #  include <stdlib.h>
| # endif
| #endif
| #ifdef HAVE_STRING_H
| # if !defined STDC_HEADERS && defined HAVE_MEMORY_H
| #  include <memory.h>
| # endif
| # include <string.h>
| #endif
| #ifdef HAVE_STRINGS_H
| # include <strings.h>
| #endif
| #ifdef HAVE_INTTYPES_H
| # include <inttypes.h>
| #endif
| #ifdef HAVE_STDINT_H
| # include <stdint.h>
| #endif
| #ifdef HAVE_UNISTD_H
| # include <unistd.h>
| #endif
| #include <gcrypt.h>
configure:16020: result: no
configure:16020: checking gcrypt.h presence
configure:16020: gcc -E  conftest.c
conftest.c:27:10: fatal error: 'gcrypt.h' file not found
#include <gcrypt.h>
         ^
1 error generated.
configure:16020: $? = 1
configure: failed program was:
| /* confdefs.h */
| #define PACKAGE_NAME "libimobiledevice"
| #define PACKAGE_TARNAME "libimobiledevice"
| #define PACKAGE_VERSION "1.2.0"
| #define PACKAGE_STRING "libimobiledevice 1.2.0"
| #define PACKAGE_BUGREPORT "https://github.com/libimobiledevice/libimobiledevice/issues"
| #define PACKAGE_URL "http://libimobiledevice.org"
| #define PACKAGE "libimobiledevice"
| #define VERSION "1.2.0"
| #define STDC_HEADERS 1
| #define HAVE_SYS_TYPES_H 1
| #define HAVE_SYS_STAT_H 1
| #define HAVE_STDLIB_H 1
| #define HAVE_STRING_H 1
| #define HAVE_MEMORY_H 1
| #define HAVE_STRINGS_H 1
| #define HAVE_INTTYPES_H 1
| #define HAVE_STDINT_H 1
| #define HAVE_UNISTD_H 1
| #define HAVE_DLFCN_H 1
| #define LT_OBJDIR ".libs/"
| #define STDC_HEADERS 1
| #define HAVE_STDINT_H 1
| #define HAVE_STDLIB_H 1
| #define HAVE_STRING_H 1
| /* end confdefs.h.  */
| #include <gcrypt.h>
configure:16020: result: no
configure:16020: checking for gcrypt.h
configure:16020: result: no
configure:16032: checking for an ANSI C-conforming const
configure:16098: gcc -c -g -O2  conftest.c >&5
configure:16098: $? = 0
configure:16105: result: yes
configure:16113: checking for size_t
configure:16113: gcc -c -g -O2  conftest.c >&5
configure:16113: $? = 0
configure:16113: gcc -c -g -O2  conftest.c >&5
conftest.c:63:21: error: expected expression
if (sizeof ((size_t)))
                    ^
1 error generated.
configure:16113: $? = 1
configure: failed program was:
| /* confdefs.h */
| #define PACKAGE_NAME "libimobiledevice"
| #define PACKAGE_TARNAME "libimobiledevice"
| #define PACKAGE_VERSION "1.2.0"
| #define PACKAGE_STRING "libimobiledevice 1.2.0"
| #define PACKAGE_BUGREPORT "https://github.com/libimobiledevice/libimobiledevice/issues"
| #define PACKAGE_URL "http://libimobiledevice.org"
| #define PACKAGE "libimobiledevice"
| #define VERSION "1.2.0"
| #define STDC_HEADERS 1
| #define HAVE_SYS_TYPES_H 1
| #define HAVE_SYS_STAT_H 1
| #define HAVE_STDLIB_H 1
| #define HAVE_STRING_H 1
| #define HAVE_MEMORY_H 1
| #define HAVE_STRINGS_H 1
| #define HAVE_INTTYPES_H 1
| #define HAVE_STDINT_H 1
| #define HAVE_UNISTD_H 1
| #define HAVE_DLFCN_H 1
| #define LT_OBJDIR ".libs/"
| #define STDC_HEADERS 1
| #define HAVE_STDINT_H 1
| #define HAVE_STDLIB_H 1
| #define HAVE_STRING_H 1
| /* end confdefs.h.  */
| #include <stdio.h>
| #ifdef HAVE_SYS_TYPES_H
| # include <sys/types.h>
| #endif
| #ifdef HAVE_SYS_STAT_H
| # include <sys/stat.h>
| #endif
| #ifdef STDC_HEADERS
| # include <stdlib.h>
| # include <stddef.h>
| #else
| # ifdef HAVE_STDLIB_H
| #  include <stdlib.h>
| # endif
| #endif
| #ifdef HAVE_STRING_H
| # if !defined STDC_HEADERS && defined HAVE_MEMORY_H
| #  include <memory.h>
| # endif
| # include <string.h>
| #endif
| #ifdef HAVE_STRINGS_H
| # include <strings.h>
| #endif
| #ifdef HAVE_INTTYPES_H
| # include <inttypes.h>
| #endif
| #ifdef HAVE_STDINT_H
| # include <stdint.h>
| #endif
| #ifdef HAVE_UNISTD_H
| # include <unistd.h>
| #endif
| int
| main ()
| {
| if (sizeof ((size_t)))
| 	    return 0;
|   ;
|   return 0;
| }
configure:16113: result: yes
configure:16124: checking for ssize_t
configure:16124: gcc -c -g -O2  conftest.c >&5
configure:16124: $? = 0
configure:16124: gcc -c -g -O2  conftest.c >&5
conftest.c:63:22: error: expected expression
if (sizeof ((ssize_t)))
                     ^
1 error generated.
configure:16124: $? = 1
configure: failed program was:
| /* confdefs.h */
| #define PACKAGE_NAME "libimobiledevice"
| #define PACKAGE_TARNAME "libimobiledevice"
| #define PACKAGE_VERSION "1.2.0"
| #define PACKAGE_STRING "libimobiledevice 1.2.0"
| #define PACKAGE_BUGREPORT "https://github.com/libimobiledevice/libimobiledevice/issues"
| #define PACKAGE_URL "http://libimobiledevice.org"
| #define PACKAGE "libimobiledevice"
| #define VERSION "1.2.0"
| #define STDC_HEADERS 1
| #define HAVE_SYS_TYPES_H 1
| #define HAVE_SYS_STAT_H 1
| #define HAVE_STDLIB_H 1
| #define HAVE_STRING_H 1
| #define HAVE_MEMORY_H 1
| #define HAVE_STRINGS_H 1
| #define HAVE_INTTYPES_H 1
| #define HAVE_STDINT_H 1
| #define HAVE_UNISTD_H 1
| #define HAVE_DLFCN_H 1
| #define LT_OBJDIR ".libs/"
| #define STDC_HEADERS 1
| #define HAVE_STDINT_H 1
| #define HAVE_STDLIB_H 1
| #define HAVE_STRING_H 1
| /* end confdefs.h.  */
| #include <stdio.h>
| #ifdef HAVE_SYS_TYPES_H
| # include <sys/types.h>
| #endif
| #ifdef HAVE_SYS_STAT_H
| # include <sys/stat.h>
| #endif
| #ifdef STDC_HEADERS
| # include <stdlib.h>
| # include <stddef.h>
| #else
| # ifdef HAVE_STDLIB_H
| #  include <stdlib.h>
| # endif
| #endif
| #ifdef HAVE_STRING_H
| # if !defined STDC_HEADERS && defined HAVE_MEMORY_H
| #  include <memory.h>
| # endif
| # include <string.h>
| #endif
| #ifdef HAVE_STRINGS_H
| # include <strings.h>
| #endif
| #ifdef HAVE_INTTYPES_H
| # include <inttypes.h>
| #endif
| #ifdef HAVE_STDINT_H
| # include <stdint.h>
| #endif
| #ifdef HAVE_UNISTD_H
| # include <unistd.h>
| #endif
| int
| main ()
| {
| if (sizeof ((ssize_t)))
| 	    return 0;
|   ;
|   return 0;
| }
configure:16124: result: yes
configure:16135: checking for uint16_t
configure:16135: gcc -c -g -O2  conftest.c >&5
configure:16135: $? = 0
configure:16135: result: yes
configure:16147: checking for uint32_t
configure:16147: gcc -c -g -O2  conftest.c >&5
configure:16147: $? = 0
configure:16147: result: yes
configure:16161: checking for uint8_t
configure:16161: gcc -c -g -O2  conftest.c >&5
configure:16161: $? = 0
configure:16161: result: yes
configure:16180: checking for asprintf
configure:16180: gcc -o conftest -g -O2   conftest.c  >&5
conftest.c:61:18: warning: format string missing [-Wformat]
return asprintf ();
       ~~~~~~~~  ^
1 warning generated.
configure:16180: $? = 0
configure:16180: result: yes
configure:16180: checking for strcasecmp
configure:16180: gcc -o conftest -g -O2   conftest.c  >&5
conftest.c:51:6: warning: incompatible redeclaration of library function 'strcasecmp' [-Wincompatible-library-redeclaration]
char strcasecmp ();
     ^
conftest.c:51:6: note: 'strcasecmp' is a builtin with type 'int (const char *, const char *)'
1 warning generated.
configure:16180: $? = 0
configure:16180: result: yes
configure:16180: checking for strdup
configure:16180: gcc -o conftest -g -O2   conftest.c  >&5
conftest.c:52:6: warning: incompatible redeclaration of library function 'strdup' [-Wincompatible-library-redeclaration]
char strdup ();
     ^
conftest.c:52:6: note: 'strdup' is a builtin with type 'char *(const char *)'
1 warning generated.
configure:16180: $? = 0
configure:16180: result: yes
configure:16180: checking for strerror
configure:16180: gcc -o conftest -g -O2   conftest.c  >&5
conftest.c:53:6: warning: incompatible redeclaration of library function 'strerror' [-Wincompatible-library-redeclaration]
char strerror ();
     ^
conftest.c:53:6: note: 'strerror' is a builtin with type 'char *(int)'
1 warning generated.
configure:16180: $? = 0
configure:16180: result: yes
configure:16180: checking for strndup
configure:16180: gcc -o conftest -g -O2   conftest.c  >&5
conftest.c:54:6: warning: incompatible redeclaration of library function 'strndup' [-Wincompatible-library-redeclaration]
char strndup ();
     ^
conftest.c:54:6: note: 'strndup' is a builtin with type 'char *(const char *, unsigned long)'
1 warning generated.
configure:16180: $? = 0
configure:16180: result: yes
configure:16180: checking for stpcpy
configure:16180: gcc -o conftest -g -O2   conftest.c  >&5
conftest.c:55:6: warning: incompatible redeclaration of library function 'stpcpy' [-Wincompatible-library-redeclaration]
char stpcpy ();
     ^
conftest.c:55:6: note: 'stpcpy' is a builtin with type 'char *(char *, const char *)'
1 warning generated.
configure:16180: $? = 0
configure:16180: result: yes
configure:16180: checking for vasprintf
configure:16180: gcc -o conftest -g -O2   conftest.c  >&5
conftest.c:67:19: warning: format string missing [-Wformat]
return vasprintf ();
       ~~~~~~~~~  ^
1 warning generated.
configure:16180: $? = 0
configure:16180: result: yes
configure:16190: checking endian.h usability
configure:16190: gcc -c -g -O2  conftest.c >&5
conftest.c:67:10: fatal error: 'endian.h' file not found
#include <endian.h>
         ^
1 error generated.
configure:16190: $? = 1
configure: failed program was:
| /* confdefs.h */
| #define PACKAGE_NAME "libimobiledevice"
| #define PACKAGE_TARNAME "libimobiledevice"
| #define PACKAGE_VERSION "1.2.0"
| #define PACKAGE_STRING "libimobiledevice 1.2.0"
| #define PACKAGE_BUGREPORT "https://github.com/libimobiledevice/libimobiledevice/issues"
| #define PACKAGE_URL "http://libimobiledevice.org"
| #define PACKAGE "libimobiledevice"
| #define VERSION "1.2.0"
| #define STDC_HEADERS 1
| #define HAVE_SYS_TYPES_H 1
| #define HAVE_SYS_STAT_H 1
| #define HAVE_STDLIB_H 1
| #define HAVE_STRING_H 1
| #define HAVE_MEMORY_H 1
| #define HAVE_STRINGS_H 1
| #define HAVE_INTTYPES_H 1
| #define HAVE_STDINT_H 1
| #define HAVE_UNISTD_H 1
| #define HAVE_DLFCN_H 1
| #define LT_OBJDIR ".libs/"
| #define STDC_HEADERS 1
| #define HAVE_STDINT_H 1
| #define HAVE_STDLIB_H 1
| #define HAVE_STRING_H 1
| #define HAVE_ASPRINTF 1
| #define HAVE_STRCASECMP 1
| #define HAVE_STRDUP 1
| #define HAVE_STRERROR 1
| #define HAVE_STRNDUP 1
| #define HAVE_STPCPY 1
| #define HAVE_VASPRINTF 1
| /* end confdefs.h.  */
| #include <stdio.h>
| #ifdef HAVE_SYS_TYPES_H
| # include <sys/types.h>
| #endif
| #ifdef HAVE_SYS_STAT_H
| # include <sys/stat.h>
| #endif
| #ifdef STDC_HEADERS
| # include <stdlib.h>
| # include <stddef.h>
| #else
| # ifdef HAVE_STDLIB_H
| #  include <stdlib.h>
| # endif
| #endif
| #ifdef HAVE_STRING_H
| # if !defined STDC_HEADERS && defined HAVE_MEMORY_H
| #  include <memory.h>
| # endif
| # include <string.h>
| #endif
| #ifdef HAVE_STRINGS_H
| # include <strings.h>
| #endif
| #ifdef HAVE_INTTYPES_H
| # include <inttypes.h>
| #endif
| #ifdef HAVE_STDINT_H
| # include <stdint.h>
| #endif
| #ifdef HAVE_UNISTD_H
| # include <unistd.h>
| #endif
| #include <endian.h>
configure:16190: result: no
configure:16190: checking endian.h presence
configure:16190: gcc -E  conftest.c
conftest.c:34:10: fatal error: 'endian.h' file not found
#include <endian.h>
         ^
1 error generated.
configure:16190: $? = 1
configure: failed program was:
| /* confdefs.h */
| #define PACKAGE_NAME "libimobiledevice"
| #define PACKAGE_TARNAME "libimobiledevice"
| #define PACKAGE_VERSION "1.2.0"
| #define PACKAGE_STRING "libimobiledevice 1.2.0"
| #define PACKAGE_BUGREPORT "https://github.com/libimobiledevice/libimobiledevice/issues"
| #define PACKAGE_URL "http://libimobiledevice.org"
| #define PACKAGE "libimobiledevice"
| #define VERSION "1.2.0"
| #define STDC_HEADERS 1
| #define HAVE_SYS_TYPES_H 1
| #define HAVE_SYS_STAT_H 1
| #define HAVE_STDLIB_H 1
| #define HAVE_STRING_H 1
| #define HAVE_MEMORY_H 1
| #define HAVE_STRINGS_H 1
| #define HAVE_INTTYPES_H 1
| #define HAVE_STDINT_H 1
| #define HAVE_UNISTD_H 1
| #define HAVE_DLFCN_H 1
| #define LT_OBJDIR ".libs/"
| #define STDC_HEADERS 1
| #define HAVE_STDINT_H 1
| #define HAVE_STDLIB_H 1
| #define HAVE_STRING_H 1
| #define HAVE_ASPRINTF 1
| #define HAVE_STRCASECMP 1
| #define HAVE_STRDUP 1
| #define HAVE_STRERROR 1
| #define HAVE_STRNDUP 1
| #define HAVE_STPCPY 1
| #define HAVE_VASPRINTF 1
| /* end confdefs.h.  */
| #include <endian.h>
configure:16190: result: no
configure:16190: checking for endian.h
configure:16190: result: no
configure:16205: checking whether byte ordering is bigendian
configure:16220: gcc -c -g -O2  conftest.c >&5
configure:16220: $? = 0
configure:16265: gcc -c -g -O2  conftest.c >&5
configure:16265: $? = 0
configure:16283: gcc -c -g -O2  conftest.c >&5
conftest.c:43:4: error: use of undeclared identifier 'not'
                 not big endian
                 ^
1 error generated.
configure:16283: $? = 1
configure: failed program was:
| /* confdefs.h */
| #define PACKAGE_NAME "libimobiledevice"
| #define PACKAGE_TARNAME "libimobiledevice"
| #define PACKAGE_VERSION "1.2.0"
| #define PACKAGE_STRING "libimobiledevice 1.2.0"
| #define PACKAGE_BUGREPORT "https://github.com/libimobiledevice/libimobiledevice/issues"
| #define PACKAGE_URL "http://libimobiledevice.org"
| #define PACKAGE "libimobiledevice"
| #define VERSION "1.2.0"
| #define STDC_HEADERS 1
| #define HAVE_SYS_TYPES_H 1
| #define HAVE_SYS_STAT_H 1
| #define HAVE_STDLIB_H 1
| #define HAVE_STRING_H 1
| #define HAVE_MEMORY_H 1
| #define HAVE_STRINGS_H 1
| #define HAVE_INTTYPES_H 1
| #define HAVE_STDINT_H 1
| #define HAVE_UNISTD_H 1
| #define HAVE_DLFCN_H 1
| #define LT_OBJDIR ".libs/"
| #define STDC_HEADERS 1
| #define HAVE_STDINT_H 1
| #define HAVE_STDLIB_H 1
| #define HAVE_STRING_H 1
| #define HAVE_ASPRINTF 1
| #define HAVE_STRCASECMP 1
| #define HAVE_STRDUP 1
| #define HAVE_STRERROR 1
| #define HAVE_STRNDUP 1
| #define HAVE_STPCPY 1
| #define HAVE_VASPRINTF 1
| #define __LITTLE_ENDIAN 1234
| #define __BIG_ENDIAN 4321
| /* end confdefs.h.  */
| #include <sys/types.h>
| 		#include <sys/param.h>
| 
| int
| main ()
| {
| #if BYTE_ORDER != BIG_ENDIAN
| 		 not big endian
| 		#endif
| 
|   ;
|   return 0;
| }
configure:16411: result: no
configure:16440: checking whether to enable WIN32 build settings
configure:16543: result: no
configure:16601: checking for a Python interpreter with version >= 2.3
configure:16618: python -c import sys # split strings by '.' and convert to numeric. Append some zeros # because we need at least 4 digits for the hex conversion. # map returns an iterator in Python 3.0 and a list in 2.x minver = list(map(int, '2.3'.split('.'))) + [0, 0, 0] minverhex = 0 # xrange is not present in Python 3.0 and range returns an iterator for i in list(range(0, 4)): minverhex = (minverhex << 8) + minver[i] sys.exit(sys.hexversion < minverhex)
configure:16621: $? = 0
configure:16627: result: python
configure:16635: checking for python
configure:16653: found /usr/bin/python
configure:16665: result: /usr/bin/python
configure:16683: checking for python version
configure:16690: result: 2.7
configure:16702: checking for python platform
configure:16709: result: darwin
configure:16735: checking for python script directory
configure:16770: result: ${prefix}/lib/python2.7/site-packages
configure:16779: checking for python extension module directory
configure:16814: result: ${exec_prefix}/lib/python2.7/site-packages
configure:16830: checking for cython
configure:16863: result: no
configure:16869: WARNING: cannot find 'cython' program. You should look at http://www.cython.org or install your distribution specific cython package.
configure:16946: checking for python2.7
configure:16976: result: /usr/bin/python
configure:16992: checking for a version of Python >= '2.1.0'
configure:17018: result: yes
configure:17049: checking for the distutils Python package
configure:17053: result: yes
configure:17067: checking for Python include path
configure:17077: result: -I/System/Library/Frameworks/Python.framework/Versions/2.7/include/python2.7
configure:17084: checking for Python library path
configure:17104: result: -L/System/Library/Frameworks/Python.framework/Versions/2.7/lib/python2.7 -lpython2.7
configure:17111: checking for Python site-packages path
configure:17117: result: /Library/Python/2.7/site-packages
configure:17124: checking python extra libraries
configure:17131: result: ('', '-ldl  -framework CoreFoundation')
configure:17138: checking python extra linking flags
configure:17145: result: -u _PyMac_Error /System/Library/Frameworks/Python.framework/Versions/2.7/Python
configure:17152: checking consistency of all components of python development environment
configure:17178: gcc -o conftest -g -O2  -I/System/Library/Frameworks/Python.framework/Versions/2.7/include/python2.7  conftest.c  -L/System/Library/Frameworks/Python.framework/Versions/2.7/lib/python2.7 -lpython2.7 >&5
configure:17178: $? = 0
configure:17186: result: yes
configure:17273: checking for openssl
configure:17280: $PKG_CONFIG --exists --print-errors "$pkg_req_openssl"
configure:17283: $? = 0
configure:17297: $PKG_CONFIG --exists --print-errors "$pkg_req_openssl"
configure:17300: $? = 0
configure:17338: result: yes
configure:17617: checking for supported compiler flags
configure:17634: gcc -c -g -O2 -Wall  conftest.c >&5
configure:17634: $? = 0
configure:17634: gcc -c -g -O2 -Wextra  conftest.c >&5
configure:17634: $? = 0
configure:17634: gcc -c -g -O2 -Wmissing-declarations  conftest.c >&5
configure:17634: $? = 0
configure:17634: gcc -c -g -O2 -Wredundant-decls  conftest.c >&5
configure:17634: $? = 0
configure:17634: gcc -c -g -O2 -Wshadow  conftest.c >&5
configure:17634: $? = 0
configure:17634: gcc -c -g -O2 -Wpointer-arith  conftest.c >&5
configure:17634: $? = 0
configure:17634: gcc -c -g -O2 -Wwrite-strings  conftest.c >&5
configure:17634: $? = 0
configure:17634: gcc -c -g -O2 -Wswitch-default  conftest.c >&5
configure:17634: $? = 0
configure:17634: gcc -c -g -O2 -Wno-unused-parameter  conftest.c >&5
configure:17634: $? = 0
configure:17634: gcc -c -g -O2 -fsigned-char  conftest.c >&5
configure:17634: $? = 0
configure:17634: gcc -c -g -O2 -fvisibility=hidden  conftest.c >&5
configure:17634: $? = 0
configure:17648: result:  -Wall -Wextra -Wmissing-declarations -Wredundant-decls -Wshadow -Wpointer-arith -Wwrite-strings -Wswitch-default -Wno-unused-parameter -fsigned-char -fvisibility=hidden
configure:17673: checking for special C compiler options needed for large files
configure:17718: result: no
configure:17724: checking for _FILE_OFFSET_BITS value needed for large files
configure:17749: gcc -c -g -O2  conftest.c >&5
configure:17749: $? = 0
configure:17781: result: no
configure:17871: checking for native large file support
configure:17887: gcc -o conftest -g -O2   conftest.c  >&5
conftest.c:43:8: warning: implicitly declaring library function 'exit' with type 'void (int) __attribute__((noreturn))' [-Wimplicit-function-declaration]
              exit(!(sizeof(off_t) == 8));
              ^
conftest.c:43:8: note: include the header <stdlib.h> or explicitly provide a declaration for 'exit'
1 warning generated.
configure:17887: $? = 0
configure:17887: ./conftest
configure:17887: $? = 0
configure:17890: result: yes
configure:17904: checking for _LARGEFILE_SOURCE value needed for large files
configure:17923: gcc -o conftest -g -O2   conftest.c  >&5
configure:17923: $? = 0
configure:17951: result: no
configure:17989: checking whether make supports nested variables
configure:18006: result: yes
configure:18129: checking that generated files are newer than configure
configure:18135: result: done
configure:18171: creating ./config.status

## ---------------------- ##
## Running config.status. ##
## ---------------------- ##

This file was extended by libimobiledevice config.status 1.2.0, which was
generated by GNU Autoconf 2.69.  Invocation command line was

  CONFIG_FILES    = 
  CONFIG_HEADERS  = 
  CONFIG_LINKS    = 
  CONFIG_COMMANDS = 
  $ ./config.status 

on Mac-Oriver.local

config.status:1218: creating Makefile
config.status:1218: creating common/Makefile
config.status:1218: creating src/Makefile
config.status:1218: creating src/libimobiledevice-1.0.pc
config.status:1218: creating include/Makefile
config.status:1218: creating tools/Makefile
config.status:1218: creating cython/Makefile
config.status:1218: creating docs/Makefile
config.status:1218: creating doxygen.cfg
config.status:1218: creating config.h
config.status:1399: config.h is unchanged
config.status:1447: executing depfiles commands
config.status:1447: executing libtool commands

## ---------------- ##
## Cache variables. ##
## ---------------- ##

ac_cv_build=x86_64-apple-darwin16.1.0
ac_cv_c_bigendian=no
ac_cv_c_compiler_gnu=yes
ac_cv_c_const=yes
ac_cv_c_uint16_t=yes
ac_cv_c_uint32_t=yes
ac_cv_c_uint8_t=yes
ac_cv_cxx_compiler_gnu=yes
ac_cv_env_CCC_set=
ac_cv_env_CCC_value=
ac_cv_env_CC_set=
ac_cv_env_CC_value=
ac_cv_env_CFLAGS_set=
ac_cv_env_CFLAGS_value=
ac_cv_env_CPPFLAGS_set=
ac_cv_env_CPPFLAGS_value=
ac_cv_env_CPP_set=
ac_cv_env_CPP_value=
ac_cv_env_CXXCPP_set=
ac_cv_env_CXXCPP_value=
ac_cv_env_CXXFLAGS_set=
ac_cv_env_CXXFLAGS_value=
ac_cv_env_CXX_set=
ac_cv_env_CXX_value=
ac_cv_env_LDFLAGS_set=
ac_cv_env_LDFLAGS_value=
ac_cv_env_LIBS_set=
ac_cv_env_LIBS_value=
ac_cv_env_PKG_CONFIG_LIBDIR_set=
ac_cv_env_PKG_CONFIG_LIBDIR_value=
ac_cv_env_PKG_CONFIG_PATH_set=
ac_cv_env_PKG_CONFIG_PATH_value=
ac_cv_env_PKG_CONFIG_set=
ac_cv_env_PKG_CONFIG_value=
ac_cv_env_PYTHON_VERSION_set=
ac_cv_env_PYTHON_VERSION_value=
ac_cv_env_PYTHON_set=
ac_cv_env_PYTHON_value=
ac_cv_env_build_alias_set=
ac_cv_env_build_alias_value=
ac_cv_env_host_alias_set=
ac_cv_env_host_alias_value=
ac_cv_env_libgnutls_CFLAGS_set=
ac_cv_env_libgnutls_CFLAGS_value=
ac_cv_env_libgnutls_LIBS_set=
ac_cv_env_libgnutls_LIBS_value=
ac_cv_env_libplist_CFLAGS_set=
ac_cv_env_libplist_CFLAGS_value=
ac_cv_env_libplist_LIBS_set=
ac_cv_env_libplist_LIBS_value=
ac_cv_env_libplistmm_CFLAGS_set=
ac_cv_env_libplistmm_CFLAGS_value=
ac_cv_env_libplistmm_LIBS_set=
ac_cv_env_libplistmm_LIBS_value=
ac_cv_env_libtasn1_CFLAGS_set=
ac_cv_env_libtasn1_CFLAGS_value=
ac_cv_env_libtasn1_LIBS_set=
ac_cv_env_libtasn1_LIBS_value=
ac_cv_env_libusbmuxd_CFLAGS_set=
ac_cv_env_libusbmuxd_CFLAGS_value=
ac_cv_env_libusbmuxd_LIBS_set=
ac_cv_env_libusbmuxd_LIBS_value=
ac_cv_env_openssl_CFLAGS_set=
ac_cv_env_openssl_CFLAGS_value=
ac_cv_env_openssl_LIBS_set=
ac_cv_env_openssl_LIBS_value=
ac_cv_env_target_alias_set=
ac_cv_env_target_alias_value=
ac_cv_func_asprintf=yes
ac_cv_func_stpcpy=yes
ac_cv_func_strcasecmp=yes
ac_cv_func_strdup=yes
ac_cv_func_strerror=yes
ac_cv_func_strndup=yes
ac_cv_func_vasprintf=yes
ac_cv_have_endian_h=no
ac_cv_header_dlfcn_h=yes
ac_cv_header_endian_h=no
ac_cv_header_gcrypt_h=no
ac_cv_header_inttypes_h=yes
ac_cv_header_memory_h=yes
ac_cv_header_stdc=yes
ac_cv_header_stdint_h=yes
ac_cv_header_stdlib_h=yes
ac_cv_header_string_h=yes
ac_cv_header_strings_h=yes
ac_cv_header_sys_stat_h=yes
ac_cv_header_sys_types_h=yes
ac_cv_header_unistd_h=yes
ac_cv_host=x86_64-apple-darwin16.1.0
ac_cv_lib_pthread_pthread_create__pthread_mutex_lock=yes
ac_cv_objext=o
ac_cv_path_EGREP='/usr/bin/grep -E'
ac_cv_path_FGREP='/usr/bin/grep -F'
ac_cv_path_GREP=/usr/bin/grep
ac_cv_path_PYTHON=/usr/bin/python
ac_cv_path_SED=/usr/bin/sed
ac_cv_path_ac_pt_PKG_CONFIG=/usr/local/bin/pkg-config
ac_cv_path_install='/usr/bin/install -c'
ac_cv_prog_AWK=awk
ac_cv_prog_CPP='gcc -E'
ac_cv_prog_CXXCPP='g++ -E'
ac_cv_prog_ac_ct_AR=ar
ac_cv_prog_ac_ct_CC=gcc
ac_cv_prog_ac_ct_CXX=g++
ac_cv_prog_ac_ct_DSYMUTIL=dsymutil
ac_cv_prog_ac_ct_LIPO=lipo
ac_cv_prog_ac_ct_NMEDIT=nmedit
ac_cv_prog_ac_ct_OBJDUMP=objdump
ac_cv_prog_ac_ct_OTOOL=otool
ac_cv_prog_ac_ct_RANLIB=ranlib
ac_cv_prog_ac_ct_STRIP=strip
ac_cv_prog_cc_c89=
ac_cv_prog_cc_g=yes
ac_cv_prog_cc_gcc_c_o=yes
ac_cv_prog_cxx_g=yes
ac_cv_prog_make_make_set=yes
ac_cv_sys_file_offset_bits=64
ac_cv_sys_largefile_CC=no
ac_cv_sys_largefile_source=no
ac_cv_type_size_t=yes
ac_cv_type_ssize_t=yes
am_cv_CC_dependencies_compiler_type=gcc3
am_cv_CXX_dependencies_compiler_type=gcc3
am_cv_make_support_nested_variables=yes
am_cv_pathless_PYTHON=python
am_cv_python_platform=darwin
am_cv_python_pyexecdir='${exec_prefix}/lib/python2.7/site-packages'
am_cv_python_pythondir='${prefix}/lib/python2.7/site-packages'
am_cv_python_version=2.7
lt_cv_apple_cc_single_mod=yes
lt_cv_ar_at_file=no
lt_cv_deplibs_check_method=pass_all
lt_cv_file_magic_cmd='$MAGIC_CMD'
lt_cv_file_magic_test_file=
lt_cv_ld_exported_symbols_list=yes
lt_cv_ld_force_load=yes
lt_cv_ld_reload_flag=-r
lt_cv_nm_interface='BSD nm'
lt_cv_objdir=.libs
lt_cv_path_LD=/Applications/Xcode.app/Contents/Developer/Toolchains/XcodeDefault.xctoolchain/usr/bin/ld
lt_cv_path_LDCXX=/Applications/Xcode.app/Contents/Developer/Toolchains/XcodeDefault.xctoolchain/usr/bin/ld
lt_cv_path_NM='/usr/bin/nm -B'
lt_cv_path_mainfest_tool=no
lt_cv_prog_compiler_c_o=yes
lt_cv_prog_compiler_c_o_CXX=yes
lt_cv_prog_compiler_pic='-fno-common -DPIC'
lt_cv_prog_compiler_pic_CXX='-fno-common -DPIC'
lt_cv_prog_compiler_pic_works=yes
lt_cv_prog_compiler_pic_works_CXX=yes
lt_cv_prog_compiler_rtti_exceptions=yes
lt_cv_prog_compiler_static_works=no
lt_cv_prog_compiler_static_works_CXX=no
lt_cv_prog_gnu_ld=no
lt_cv_prog_gnu_ldcxx=no
lt_cv_sharedlib_from_linklib_cmd='printf %s\n'
lt_cv_sys_global_symbol_pipe='sed -n -e '\''s/^.*[	 ]\([BCDEGRST][BCDEGRST]*\)[	 ][	 ]*_\([_A-Za-z][_A-Za-z0-9]*\)$/\1 _\2 \2/p'\'' | sed '\''/ __gnu_lto/d'\'''
lt_cv_sys_global_symbol_to_c_name_address='sed -n -e '\''s/^: \([^ ]*\)[ ]*$/  {\"\1\", (void *) 0},/p'\'' -e '\''s/^[BCDEGRST]* \([^ ]*\) \([^ ]*\)$/  {"\2", (void *) \&\2},/p'\'''
lt_cv_sys_global_symbol_to_c_name_address_lib_prefix='sed -n -e '\''s/^: \([^ ]*\)[ ]*$/  {\"\1\", (void *) 0},/p'\'' -e '\''s/^[BCDEGRST]* \([^ ]*\) \(lib[^ ]*\)$/  {"\2", (void *) \&\2},/p'\'' -e '\''s/^[BCDEGRST]* \([^ ]*\) \([^ ]*\)$/  {"lib\2", (void *) \&\2},/p'\'''
lt_cv_sys_global_symbol_to_cdecl='sed -n -e '\''s/^T .* \(.*\)$/extern int \1();/p'\'' -e '\''s/^[BCDEGRST]* .* \(.*\)$/extern char \1;/p'\'''
lt_cv_sys_max_cmd_len=196608
lt_cv_to_host_file_cmd=func_convert_file_noop
lt_cv_to_tool_file_cmd=func_convert_file_noop
pkg_cv_libplist_CFLAGS='-I/usr/local/Cellar/libplist/1.12/include -I/usr/include/libxml2'
pkg_cv_libplist_LIBS='-L/usr/local/Cellar/libplist/1.12/lib -lplist'
pkg_cv_libplistmm_CFLAGS='-I/usr/local/Cellar/libplist/1.12/include -I/usr/include/libxml2'
pkg_cv_libplistmm_LIBS='-L/usr/local/Cellar/libplist/1.12/lib -lplist++ -lplist'
pkg_cv_libusbmuxd_CFLAGS=-I/usr/local/Cellar/usbmuxd/1.0.10_1/include
pkg_cv_libusbmuxd_LIBS='-L/usr/local/Cellar/usbmuxd/1.0.10_1/lib -lusbmuxd'
pkg_cv_openssl_CFLAGS=
pkg_cv_openssl_LIBS='-lssl -lcrypto -lz'

## ----------------- ##
## Output variables. ##
## ----------------- ##

ACLOCAL='${SHELL} /Users/innova/Desktop/Libmobiledevice/libimobiledevice-1.2.0/missing aclocal-1.13'
AMDEPBACKSLASH='\'
AMDEP_FALSE='#'
AMDEP_TRUE=''
AMTAR='$${TAR-tar}'
AM_BACKSLASH='\'
AM_DEFAULT_V='$(AM_DEFAULT_VERBOSITY)'
AM_DEFAULT_VERBOSITY='0'
AM_V='$(V)'
AR='ar'
AUTOCONF='${SHELL} /Users/innova/Desktop/Libmobiledevice/libimobiledevice-1.2.0/missing autoconf'
AUTOHEADER='${SHELL} /Users/innova/Desktop/Libmobiledevice/libimobiledevice-1.2.0/missing autoheader'
AUTOMAKE='${SHELL} /Users/innova/Desktop/Libmobiledevice/libimobiledevice-1.2.0/missing automake-1.13'
AWK='awk'
CC='gcc'
CCDEPMODE='depmode=gcc3'
CFLAGS='-g -O2'
CPP='gcc -E'
CPPFLAGS=''
CXX='g++'
CXXCPP='g++ -E'
CXXDEPMODE='depmode=gcc3'
CXXFLAGS='-g -O2'
CYGPATH_W='echo'
CYTHON='false'
CYTHON_LIB=''
CYTHON_PLIST_INCLUDE_DIR=''
CYTHON_PYTHON_CPPFLAGS='-I/System/Library/Frameworks/Python.framework/Versions/2.7/include/python2.7'
CYTHON_PYTHON_OPT='-python'
CYTHON_SUB=''
DEFS='-DHAVE_CONFIG_H'
DEPDIR='.deps'
DLLTOOL='false'
DSYMUTIL='dsymutil'
DUMPBIN=''
ECHO_C='\c'
ECHO_N=''
ECHO_T=''
EGREP='/usr/bin/grep -E'
EXEEXT=''
FGREP='/usr/bin/grep -F'
GLOBAL_CFLAGS='  -Wall -Wextra -Wmissing-declarations -Wredundant-decls -Wshadow -Wpointer-arith -Wwrite-strings -Wswitch-default -Wno-unused-parameter -fsigned-char -fvisibility=hidden'
GREP='/usr/bin/grep'
HAVE_CYTHON_FALSE=''
HAVE_CYTHON_TRUE='#'
INSTALL_DATA='${INSTALL} -m 644'
INSTALL_PROGRAM='${INSTALL}'
INSTALL_SCRIPT='${INSTALL}'
INSTALL_STRIP_PROGRAM='$(install_sh) -c -s'
LD='/Applications/Xcode.app/Contents/Developer/Toolchains/XcodeDefault.xctoolchain/usr/bin/ld'
LDFLAGS=''
LFS_CFLAGS=' -D_LARGE_FILES=1'
LIBIMOBILEDEVICE_SO_VERSION='6:0:0'
LIBOBJS=''
LIBPLISTMM_VERSION='1.11'
LIBPLIST_VERSION='1.11'
LIBS=''
LIBTOOL='$(SHELL) $(top_builddir)/libtool'
LIBUSBMUXD_VERSION='1.0.9'
LIPO='lipo'
LN_S='ln -s'
LTLIBOBJS=''
MAKEINFO='${SHELL} /Users/innova/Desktop/Libmobiledevice/libimobiledevice-1.2.0/missing makeinfo'
MANIFEST_TOOL=':'
MKDIR_P='./install-sh -c -d'
NM='/usr/bin/nm -B'
NMEDIT='nmedit'
OBJDUMP='objdump'
OBJEXT='o'
OTOOL64=':'
OTOOL='otool'
PACKAGE='libimobiledevice'
PACKAGE_BUGREPORT='https://github.com/libimobiledevice/libimobiledevice/issues'
PACKAGE_NAME='libimobiledevice'
PACKAGE_STRING='libimobiledevice 1.2.0'
PACKAGE_TARNAME='libimobiledevice'
PACKAGE_URL='http://libimobiledevice.org'
PACKAGE_VERSION='1.2.0'
PATH_SEPARATOR=':'
PKG_CONFIG='/usr/local/bin/pkg-config'
PKG_CONFIG_LIBDIR=''
PKG_CONFIG_PATH=''
PYTHON='/usr/bin/python'
PYTHON_CPPFLAGS='-I/System/Library/Frameworks/Python.framework/Versions/2.7/include/python2.7'
PYTHON_EXEC_PREFIX='${exec_prefix}'
PYTHON_EXTRA_LDFLAGS='-u _PyMac_Error /System/Library/Frameworks/Python.framework/Versions/2.7/Python'
PYTHON_EXTRA_LIBS='('\'''\'', '\''-ldl  -framework CoreFoundation'\'')'
PYTHON_LDFLAGS='-L/System/Library/Frameworks/Python.framework/Versions/2.7/lib/python2.7 -lpython2.7'
PYTHON_PLATFORM='darwin'
PYTHON_PREFIX='${prefix}'
PYTHON_SITE_PKG='/Library/Python/2.7/site-packages'
PYTHON_VERSION='2.7'
RANLIB='ranlib'
SED='/usr/bin/sed'
SET_MAKE=''
SHELL='/bin/sh'
STRIP='strip'
VERSION='1.2.0'
WIN32_FALSE=''
WIN32_TRUE='#'
WINDRES=''
ac_ct_AR='ar'
ac_ct_CC='gcc'
ac_ct_CXX='g++'
ac_ct_DUMPBIN=''
am__EXEEXT_FALSE=''
am__EXEEXT_TRUE='#'
am__fastdepCC_FALSE='#'
am__fastdepCC_TRUE=''
am__fastdepCXX_FALSE='#'
am__fastdepCXX_TRUE=''
am__include='include'
am__isrc=''
am__leading_dot='.'
am__nodep='_no'
am__quote=''
am__tar='$${TAR-tar} chof - "$$tardir"'
am__untar='$${TAR-tar} xf -'
bindir='${exec_prefix}/bin'
build='x86_64-apple-darwin16.1.0'
build_alias=''
build_cpu='x86_64'
build_os='darwin16.1.0'
build_vendor='apple'
datadir='${datarootdir}'
datarootdir='${prefix}/share'
docdir='${datarootdir}/doc/${PACKAGE_TARNAME}'
dvidir='${docdir}'
exec_prefix='${prefix}'
host='x86_64-apple-darwin16.1.0'
host_alias=''
host_cpu='x86_64'
host_os='darwin16.1.0'
host_vendor='apple'
htmldir='${docdir}'
includedir='${prefix}/include'
infodir='${datarootdir}/info'
install_sh='${SHELL} /Users/innova/Desktop/Libmobiledevice/libimobiledevice-1.2.0/install-sh'
libdir='${exec_prefix}/lib'
libexecdir='${exec_prefix}/libexec'
libgcrypt_LIBS=''
libgnutls_CFLAGS=''
libgnutls_LIBS=''
libplist_CFLAGS='-I/usr/local/Cellar/libplist/1.12/include -I/usr/include/libxml2'
libplist_LIBS='-L/usr/local/Cellar/libplist/1.12/lib -lplist'
libplistmm_CFLAGS='-I/usr/local/Cellar/libplist/1.12/include -I/usr/include/libxml2'
libplistmm_LIBS='-L/usr/local/Cellar/libplist/1.12/lib -lplist++ -lplist'
libpthread_LIBS='-lpthread'
libtasn1_CFLAGS=''
libtasn1_LIBS=''
libusbmuxd_CFLAGS='-I/usr/local/Cellar/usbmuxd/1.0.10_1/include'
libusbmuxd_LIBS='-L/usr/local/Cellar/usbmuxd/1.0.10_1/lib -lusbmuxd'
localedir='${datarootdir}/locale'
localstatedir='${prefix}/var'
mandir='${datarootdir}/man'
mkdir_p='$(MKDIR_P)'
oldincludedir='/usr/include'
openssl_CFLAGS=''
openssl_LIBS='-lssl -lcrypto -lz'
pdfdir='${docdir}'
pkgpyexecdir='${pyexecdir}/libimobiledevice'
pkgpythondir='${pythondir}/libimobiledevice'
prefix='/usr/local'
program_transform_name='s,x,x,'
psdir='${docdir}'
pyexecdir='${exec_prefix}/lib/python2.7/site-packages'
pythondir='${prefix}/lib/python2.7/site-packages'
sbindir='${exec_prefix}/sbin'
sharedstatedir='${prefix}/com'
ssl_requires='openssl >= 0.9.8'
sysconfdir='${prefix}/etc'
target_alias=''

## ----------- ##
## confdefs.h. ##
## ----------- ##

/* confdefs.h */
#define PACKAGE_NAME "libimobiledevice"
#define PACKAGE_TARNAME "libimobiledevice"
#define PACKAGE_VERSION "1.2.0"
#define PACKAGE_STRING "libimobiledevice 1.2.0"
#define PACKAGE_BUGREPORT "https://github.com/libimobiledevice/libimobiledevice/issues"
#define PACKAGE_URL "http://libimobiledevice.org"
#define PACKAGE "libimobiledevice"
#define VERSION "1.2.0"
#define STDC_HEADERS 1
#define HAVE_SYS_TYPES_H 1
#define HAVE_SYS_STAT_H 1
#define HAVE_STDLIB_H 1
#define HAVE_STRING_H 1
#define HAVE_MEMORY_H 1
#define HAVE_STRINGS_H 1
#define HAVE_INTTYPES_H 1
#define HAVE_STDINT_H 1
#define HAVE_UNISTD_H 1
#define HAVE_DLFCN_H 1
#define LT_OBJDIR ".libs/"
#define STDC_HEADERS 1
#define HAVE_STDINT_H 1
#define HAVE_STDLIB_H 1
#define HAVE_STRING_H 1
#define HAVE_ASPRINTF 1
#define HAVE_STRCASECMP 1
#define HAVE_STRDUP 1
#define HAVE_STRERROR 1
#define HAVE_STRNDUP 1
#define HAVE_STPCPY 1
#define HAVE_VASPRINTF 1
#define __LITTLE_ENDIAN 1234
#define __BIG_ENDIAN 4321
#define __BYTE_ORDER 1234
#define HAVE_OPENSSL 1
#define STRIP_DEBUG_CODE 1
#define HAVE_FVISIBILITY 1
#define _FILE_OFFSET_BITS 64
#define HAVE_FSEEKO 1

configure: exit 0
